<?xml version="1.0" encoding="UTF-8"?>
<!-- Generated by org.testng.reporters.JUnitReportReporter -->
<testsuite hostname="Sahasra" failures="0" tests="1" name="javaselenium.TestNG" time="16.411" errors="0" timestamp="2022-09-07T10:47:26 PDT" skipped="0">
  <testcase classname="javaselenium.TestNG" name="googlesearch" time="16.411"/>
  <system-out/>
</testsuite> <!-- javaselenium.TestNG -->
